<?xml version="1.0" encoding="UTF-8"?>
<!-- Generated by org.testng.reporters.JUnitReportReporter -->
<testsuite skipped="0" hostname="IN-HB8F8S2" name="mvnPracticeTests.travelprac" tests="3" failures="0" timestamp="01 May 2020 09:33:01 GMT" time="107.053" errors="0">
  <testcase name="flightTest" time="21.813" classname="mvnPracticeTests.travelprac"/>
  <testcase name="chooseDestination" time="30.387" classname="mvnPracticeTests.travelprac"/>
  <testcase name="fromBox" time="54.853" classname="mvnPracticeTests.travelprac"/>
</testsuite> <!-- mvnPracticeTests.travelprac -->
