<?xml version="1.0" encoding="UTF-8"?>
<!-- Generated by org.testng.reporters.JUnitReportReporter -->
<testsuite skipped="0" hostname="IN-HB8F8S2" name="mvnPracticeTests.tableAssignment" tests="1" failures="0" timestamp="01 May 2020 09:33:01 GMT" time="14.536" errors="0">
  <testcase name="tblAssignment" time="14.536" classname="mvnPracticeTests.tableAssignment"/>
</testsuite> <!-- mvnPracticeTests.tableAssignment -->
